proguard/seeds.txt
com.monster.keepconnection.BootReceiver
com.monster.keepconnection.BootReceiver: BootReceiver()
com.monster.keepconnection.MonitorDeviceService
com.monster.keepconnection.MonitorDeviceService: MonitorDeviceService()
com.monster.keepconnection.SettingActivity
com.monster.keepconnection.SettingActivity: SettingActivity()
...
com.google.ads.mediation.customevent.CustomEventServerParameters
com.google.ads.mediation.customevent.CustomEventServerParameters: java.lang.String label
com.google.ads.mediation.customevent.CustomEventServerParameters: java.lang.String className
com.google.ads.mediation.customevent.CustomEventServerParameters: java.lang.String parameter
com.google.ads.mediation.customevent.CustomEventServerParameters: CustomEventServerParameters()
com.google.android.gms.ads.AdActivity
com.google.android.gms.ads.AdActivity: java.lang.String CLASS_NAME
com.google.android.gms.ads.AdActivity: java.lang.String SIMPLE_CLASS_NAME
com.google.android.gms.ads.AdActivity: com.google.android.gms.internal.zzev zzlf
com.google.android.gms.ads.AdActivity: AdActivity()
com.google.android.gms.ads.AdActivity: void onCreate(android.os.Bundle)
com.google.android.gms.ads.AdActivity: void onRestart()
com.google.android.gms.ads.AdActivity: void onStart()
com.google.android.gms.ads.AdActivity: void onResume()
com.google.android.gms.ads.AdActivity: void onPause()
com.google.android.gms.ads.AdActivity: void onSaveInstanceState(android.os.Bundle)
com.google.android.gms.ads.AdActivity: void onStop()
com.google.android.gms.ads.AdActivity: void onDestroy()
com.google.android.gms.ads.AdActivity: void zzX()
com.google.android.gms.ads.AdActivity: void setContentView(int)
com.google.android.gms.ads.AdActivity: void setContentView(android.view.View)
com.google.android.gms.ads.AdActivity: void setContentView(android.view.View,android.view.ViewGroup$LayoutParams)
com.google.android.gms.ads.AdListener
com.google.android.gms.ads.AdListener: AdListener()
com.google.android.gms.ads.AdListener: void onAdClosed()
com.google.android.gms.ads.AdListener: void onAdFailedToLoad(int)
com.google.android.gms.ads.AdListener: void onAdLeftApplication()
com.google.android.gms.ads.AdListener: void onAdOpened()
com.google.android.gms.ads.AdListener: void onAdLoaded()
com.google.android.gms.ads.AdRequest
com.google.android.gms.ads.AdRequest: int ERROR_CODE_INTERNAL_ERROR
com.google.android.gms.ads.AdRequest: int ERROR_CODE_INVALID_REQUEST
com.google.android.gms.ads.AdRequest: int ERROR_CODE_NETWORK_ERROR
com.google.android.gms.ads.AdRequest: int ERROR_CODE_NO_FILL
com.google.android.gms.ads.AdRequest: int GENDER_UNKNOWN
com.google.android.gms.ads.AdRequest: int GENDER_MALE
com.google.android.gms.ads.AdRequest: int GENDER_FEMALE
com.google.android.gms.ads.AdRequest: int MAX_CONTENT_URL_LENGTH
com.google.android.gms.ads.AdRequest: java.lang.String DEVICE_ID_EMULATOR
com.google.android.gms.ads.AdRequest: com.google.android.gms.internal.zzbo zzlg
com.google.android.gms.ads.AdRequest: AdRequest(com.google.android.gms.ads.AdRequest$Builder)
com.google.android.gms.ads.AdRequest: java.util.Date getBirthday()
com.google.android.gms.ads.AdRequest: java.lang.String getContentUrl()
com.google.android.gms.ads.AdRequest: int getGender()
com.google.android.gms.ads.AdRequest: java.util.Set getKeywords()
com.google.android.gms.ads.AdRequest: android.location.Location getLocation()
com.google.android.gms.ads.AdRequest: com.google.android.gms.ads.mediation.NetworkExtras getNetworkExtras(java.lang.Class)
com.google.android.gms.ads.AdRequest: android.os.Bundle getNetworkExtrasBundle(java.lang.Class)
com.google.android.gms.ads.AdRequest: android.os.Bundle getCustomEventExtrasBundle(java.lang.Class)
com.google.android.gms.ads.AdRequest$1