proguard/mapping.txt
com.monster.keepconnection.BootReceiver -> com.monster.keepconnection.BootReceiver:
    void onReceive(android.content.Context,android.content.Intent) -> onReceive
com.monster.keepconnection.InternetStatus -> com.monster.keepconnection.a:
    com.monster.keepconnection.InternetStatus None -> a
    com.monster.keepconnection.InternetStatus Mobile_Data_Failed -> b
    com.monster.keepconnection.InternetStatus Mobile_Data_Off -> c
    com.monster.keepconnection.InternetStatus AIR_PLANE -> d
    com.monster.keepconnection.InternetStatus Internet_Unknow -> e
    com.monster.keepconnection.InternetStatus Internet_Failed -> f
    com.monster.keepconnection.InternetStatus Internet_Success -> g
    com.monster.keepconnection.InternetStatus[] ENUM$VALUES -> h
    com.monster.keepconnection.InternetStatus[] values() -> a
com.monster.keepconnection.MonitorDeviceService -> com.monster.keepconnection.MonitorDeviceService:
    android.app.NotificationManager mNM -> e
    boolean bStopAllWarning -> a
    boolean bMonitorServiceThread -> b
    com.monster.keepconnection.InternetStatus isStatus -> c
    int iTimeout -> f
    java.lang.String LogDir -> g
    android.os.Handler hToastMessage -> d
    java.lang.Thread thStateMachine -> h
    void onCreate() -> onCreate
    void onDestroy() -> onDestroy
    int onStartCommand(android.content.Intent,int,int) -> onStartCommand
    android.os.Message setStringMessage(java.lang.String) -> a
    boolean isConnectingToInternet() -> a
    void updateAPN(android.content.Context,boolean) -> a
    int getConnectType() -> b
    void warningVibrator(int) -> a
    android.os.IBinder onBind(android.content.Intent) -> onBind
    void AddLog(java.lang.String,java.lang.String) -> a
com.monster.keepconnection.MonitorDeviceService$1 -> com.monster.keepconnection.b:
    com.monster.keepconnection.MonitorDeviceService this$0 -> a
    void handleMessage(android.os.Message) -> handleMessage
com.monster.keepconnection.MonitorDeviceService$2 -> com.monster.keepconnection.c:
    com.monster.keepconnection.MonitorDeviceService this$0 -> a
    int[] $SWITCH_TABLE$com$monster$keepconnection$InternetStatus -> b
    void run() -> run
    int[] $SWITCH_TABLE$com$monster$keepconnection$InternetStatus() -> a
com.monster.keepconnection.MonitorDeviceService$3 -> com.monster.keepconnection.d:
    com.monster.keepconnection.MonitorDeviceService this$0 -> a
    int val$iSec -> b
    void run() -> run
com.monster.keepconnection.SettingActivity -> com.monster.keepconnection.SettingActivity:
    com.util.IabHelper mHelper -> a
    com.google.android.gms.ads.AdView adView -> c
    android.os.Handler hSetupDefaultData -> b
    void onCreate(android.os.Bundle) -> onCreate
    void onResume() -> onResume
    void onPause() -> onPause
    void onDestroy() -> onDestroy
    void SetDefaultData() -> a
    boolean onPreferenceChange(android.preference.Preference,java.lang.Object) -> onPreferenceChange
    void onActivityResult(int,int,android.content.Intent) -> onActivityResult
    boolean onPreferenceClick(android.preference.Preference) -> onPreferenceClick
    void ToastUiThread(android.content.Context,java.lang.String,int) -> a
    void releaseIabHelper() -> b
    boolean onKeyDown(int,android.view.KeyEvent) -> onKeyDown
    void reStartService() -> c
    void access$0(com.monster.keepconnection.SettingActivity) -> a
com.monster.keepconnection.SettingActivity$1 -> com.monster.keepconnection.e:
    com.monster.keepconnection.SettingActivity this$0 -> a
    void handleMessage(android.os.Message) -> handleMessage
com.monster.keepconnection.SettingActivity$2 -> com.monster.keepconnection.f:
    com.monster.keepconnection.SettingActivity this$0 -> a
    void onIabSetupFinished(com.util.IabResult) -> a
com.monster.keepconnection.SettingActivity$2$1 -> com.monster.keepconnection.g:
    com.monster.keepconnection.SettingActivity$2 this$1 -> a
    void onQueryInventoryFinished(com.util.IabResult,com.util.Inventory) -> a
...
com.google.android.gms.internal.zzfg -> com.google.android.gms.d.eh:
    long zzvm -> a
    java.lang.String zzvn -> b
    java.lang.String zzvo -> c
com.google.android.gms.internal.zzfh -> com.google.android.gms.d.ei:
    boolean zzvp -> a
    android.content.Context mContext -> b
    int zzvq -> c
    android.content.Intent zzvr -> d
    com.google.android.gms.internal.zzfg zzvj -> e
    java.lang.String zzvf -> f
    com.google.android.gms.internal.zzfc zzuY -> g
    boolean isVerified() -> a
    java.lang.String getProductId() -> b
    android.content.Intent getPurchaseData() -> c
    int getResultCode() -> d
    void finishPurchase() -> e
    void onServiceDisconnected(android.content.ComponentName) -> onServiceDisconnected
    void onServiceConnected(android.content.ComponentName,android.os.IBinder) -> onServiceConnected
com.google.android.gms.internal.zzfi -> com.google.android.gms.d.ej:
    java.lang.String zzvs -> a
    com.google.android.gms.internal.zzfi$zza zzvt -> b
    java.lang.Object zznh -> c
    com.google.android.gms.internal.zzfi zzvu -> d
    com.google.android.gms.internal.zzfi zzm(android.content.Context) -> a
    void zza(com.google.android.gms.internal.zzfg) -> a
    android.database.sqlite.SQLiteDatabase getWritableDatabase() -> b
    java.util.List zze(long) -> a
    void zzb(com.google.android.gms.internal.zzfg) -> b
    int getRecordCount() -> c
    com.google.android.gms.internal.zzfg zza(android.database.Cursor) -> a
    java.lang.String zzdA() -> a
com.google.android.gms.internal.zzfi$zza -> com.google.android.gms.d.ek:
    void onCreate(android.database.sqlite.SQLiteDatabase) -> onCreate
    void onUpgrade(android.database.sqlite.SQLiteDatabase,int,int) -> onUpgrade
com.google.android.gms.internal.zzfj -> com.google.android.gms.d.el:
    int zzd(android.content.Intent) -> a
    int zzf(android.os.Bundle) -> a
    java.lang.String zze(android.content.Intent) -> b
    java.lang.String zzL(java.lang.String) -> a
    java.lang.String zzM(java.lang.String) -> b
com.google.android.gms.internal.zzfk -> com.google.android.gms.d.em:
    void zza(java.lang.String,boolean,int,android.content.Intent,com.google.android.gms.internal.zzfg) -> a
com.google.android.gms.internal.zzfl -> com.google.android.gms.d.en:
    java.lang.String zzpH -> a
    boolean zza$4bdce35b(java.lang.String,android.content.Intent) -> a
com.google.android.gms.internal.zzfn -> com.google.android.gms.d.eo:
    java.lang.String getProductId() -> a
    void recordResolution(int) -> a
    void recordPlayBillingResolution(int) -> b
com.google.android.gms.internal.zzfn$zza -> com.google.android.gms.d.ep:
    android.os.IBinder asBinder() -> asBinder
    boolean onTransact(int,android.os.Parcel,android.os.Parcel,int) -> onTransact
com.google.android.gms.internal.zzfn$zza$zza -> com.google.android.gms.d.eq:
    android.os.IBinder zzle -> a
    android.os.IBinder asBinder() -> asBinder
    java.lang.String getProductId() -> a
    void recordResolution(int) -> a
    void recordPlayBillingResolution(int) -> b
com.google.android.gms.internal.zzfo -> com.google.android.gms.d.er:
    void zza(com.google.android.gms.internal.zzfn) -> a
com.google.android.gms.internal.zzfo$zza -> com.google.android.gms.d.es:
    android.os.IBinder asBinder() -> asBinder
    boolean onTransact(int,android.os.Parcel,android.os.Parcel,int) -> onTransact
com.google.android.gms.internal.zzfo$zza$zza -> com.google.android.gms.d.et:
    android.os.IBinder zzle -> a
    android.os.IBinder asBinder() -> asBinder
    void zza(com.google.android.gms.internal.zzfn) -> a
com.google.android.gms.internal.zzfp -> com.google.android.gms.d.eu:
    void onCreate() -> a
    void onDestroy() -> b
    void onActivityResult(int,int,android.content.Intent) -> a