proguard/usage.txt
com.monster.keepconnection.BuildConfig
com.monster.keepconnection.InternetStatus:
    1:1:public static com.monster.keepconnection.InternetStatus valueOf(java.lang.String)
com.monster.keepconnection.MonitorDeviceService:
    255:277:public void warningAudio(int)
com.monster.keepconnection.MonitorDeviceService$4
com.monster.keepconnection.R
com.monster.keepconnection.R$array
com.monster.keepconnection.R$attr
com.monster.keepconnection.R$color
com.monster.keepconnection.R$dimen
com.monster.keepconnection.R$drawable
com.monster.keepconnection.R$id
com.monster.keepconnection.R$integer
com.monster.keepconnection.R$layout
com.monster.keepconnection.R$raw
com.monster.keepconnection.R$string
com.monster.keepconnection.R$style
com.monster.keepconnection.R$styleable
com.monster.keepconnection.R$xml
com.monster.keepconnection.SettingActivity:
    public static final java.lang.String StartFromActivity
    static final int BuyFullVersionRequestCode
    static final java.lang.String IABRequestCode
    static final java.lang.String IABKey
    static final java.lang.String FullVersionID
    private static final java.lang.String MY_AD_UNIT_ID
...
com.google.android.gms.fitness.result.zzi
com.google.android.gms.fitness.result.zzj
com.google.android.gms.fitness.result.zzk
com.google.android.gms.fitness.result.zzl
com.google.android.gms.fitness.result.zzm
com.google.android.gms.fitness.result.zzn
com.google.android.gms.fitness.result.zzo
com.google.android.gms.fitness.service.FitnessSensorService
com.google.android.gms.fitness.service.FitnessSensorService$1
com.google.android.gms.fitness.service.FitnessSensorService$zza
com.google.android.gms.fitness.service.FitnessSensorServiceRequest
com.google.android.gms.fitness.service.SensorEventDispatcher
com.google.android.gms.fitness.service.zza
com.google.android.gms.fitness.service.zzb
com.google.android.gms.fitness.zza
com.google.android.gms.games.Game
com.google.android.gms.games.GameBuffer
com.google.android.gms.games.GameEntity
com.google.android.gms.games.GameEntity$GameEntityCreatorCompat
com.google.android.gms.games.GameEntityCreator
com.google.android.gms.games.GameRef
com.google.android.gms.games.Games
com.google.android.gms.games.Games$1
com.google.android.gms.games.Games$2
com.google.android.gms.games.Games$BaseGamesApiMethodImpl
com.google.android.gms.games.Games$GamesOptions
com.google.android.gms.games.Games$GamesOptions$Builder
com.google.android.gms.games.Games$SignOutImpl
com.google.android.gms.games.GamesActivityResultCodes
com.google.android.gms.games.GamesMetadata
com.google.android.gms.games.GamesMetadata$LoadExtendedGamesResult
com.google.android.gms.games.GamesMetadata$LoadGameInstancesResult
com.google.android.gms.games.GamesMetadata$LoadGameSearchSuggestionsResult
com.google.android.gms.games.GamesMetadata$LoadGamesResult
com.google.android.gms.games.GamesStatusCodes
com.google.android.gms.games.Notifications
com.google.android.gms.games.Notifications$ContactSettingLoadResult
com.google.android.gms.games.Notifications$GameMuteStatusChangeResult
com.google.android.gms.games.Notifications$GameMuteStatusLoadResult
com.google.android.gms.games.Notifications$InboxCountResult
com.google.android.gms.games.OnNearbyPlayerDetectedListener
com.google.android.gms.games.PageDirection
com.google.android.gms.games.Player
com.google.android.gms.games.PlayerBuffer
com.google.android.gms.games.PlayerEntity
com.google.android.gms.games.PlayerEntity$PlayerEntityCreatorCompat
com.google.android.gms.games.PlayerEntityCreator
com.google.android.gms.games.PlayerLevel
com.google.android.gms.games.PlayerLevelCreator
com.google.android.gms.games.PlayerLevelInfo
com.google.android.gms.games.PlayerLevelInfoCreator
com.google.android.gms.games.PlayerRef
com.google.android.gms.games.Players
com.google.android.gms.games.Players$LoadOwnerCoverPhotoUrisResult
com.google.android.gms.games.Players$LoadPlayersResult
com.google.android.gms.games.Players$LoadProfileSettingsResult
com.google.android.gms.games.Players$LoadXpForGameCategoriesResult
com.google.android.gms.games.Players$LoadXpForGamesResult
com.google.android.gms.games.Players$LoadXpStreamResult
com.google.android.gms.games.achievement.Achievement
com.google.android.gms.games.achievement.AchievementBuffer
com.google.android.gms.games.achievement.AchievementEntity
com.google.android.gms.games.achievement.AchievementEntityCreator
com.google.android.gms.games.achievement.AchievementRef
com.google.android.gms.games.achievement.Achievements
com.google.android.gms.games.achievement.Achievements$LoadAchievementsResult
com.google.android.gms.games.achievement.Achievements$UpdateAchievementResult
com.google.android.gms.games.appcontent.AppContentAction
com.google.android.gms.games.appcontent.AppContentActionEntity
com.google.android.gms.games.appcontent.AppContentActionEntityCreator
com.google.android.gms.games.appcontent.AppContentActionRef
com.google.android.gms.games.appcontent.AppContentAnnotation
com.google.android.gms.games.appcontent.AppContentAnnotationEntity
com.google.android.gms.games.appcontent.AppContentAnnotationEntityCreator